INFO:todologger:Старт консольного ToDo приложения.
INFO:root:print_help_info(): Запуск
INFO:root:list_of_tasks(): Запуск
DEBUG:root:list_of_tasks(): Подключение к БД через work_with_slq
DEBUG:root:list_of_tasks(): Выполнение SQL-запроса через work_with_slq()
INFO:root:work_with_slq(): Запуск
DEBUG:root:work_with_slq(): Имя БД: file:ep20231204_todo_cli.db?mode = rw
DEBUG:root:work_with_slq(): SQL запрос: SELECT * FROM  my_todo_list
DEBUG:root:work_with_slq(): SQL данные: ()
DEBUG:root:work_with_slq(): Подключился к БД, Получил курсор, Выполняю SQL запрос 
INFO:todologger:Конец выполнения консольного ToDo приложения.
[INFO] 2024-01-30 23:46:34,423 - Старт консольного ToDo приложения.
[INFO] 2024-01-30 23:46:34,423 - print_help_info(): Запуск
[INFO] 2024-01-30 23:46:34,425 - list_of_tasks(): Запуск
[DEBUG] 2024-01-30 23:46:34,425 - list_of_tasks(): Подключение к БД через work_with_slq
[DEBUG] 2024-01-30 23:46:34,425 - list_of_tasks(): Выполнение SQL-запроса через work_with_slq()
[INFO] 2024-01-30 23:46:34,425 - work_with_slq(): Запуск
[DEBUG] 2024-01-30 23:46:34,426 - work_with_slq(): Имя БД: file:ep20231204_todo_cli.db?mode = rw
[DEBUG] 2024-01-30 23:46:34,426 - work_with_slq(): SQL запрос: SELECT * FROM  my_todo_list
[DEBUG] 2024-01-30 23:46:34,426 - work_with_slq(): SQL данные: ()
[DEBUG] 2024-01-30 23:46:34,426 - work_with_slq(): Подключился к БД, Получил курсор, Выполняю SQL запрос 
[INFO] 2024-01-30 23:46:35,632 - Конец выполнения консольного ToDo приложения.
[INFO] 2024-02-01 08:34:28,550 - Старт консольного ToDo приложения.
[INFO] 2024-02-01 08:34:28,562 - print_help_info(): Запуск
[INFO] 2024-02-01 08:34:28,563 - list_of_tasks(): Запуск
[DEBUG] 2024-02-01 08:34:28,563 - list_of_tasks(): Подключение к БД через work_with_slq
[DEBUG] 2024-02-01 08:34:28,563 - list_of_tasks(): Выполнение SQL-запроса через work_with_slq()
[INFO] 2024-02-01 08:34:28,563 - work_with_slq(): Запуск
[DEBUG] 2024-02-01 08:34:28,563 - work_with_slq(): Имя БД: file:ep20231204_todo_cli.db?mode = rw
[DEBUG] 2024-02-01 08:34:28,563 - work_with_slq(): SQL запрос: SELECT * FROM  my_todo_list
[DEBUG] 2024-02-01 08:34:28,563 - work_with_slq(): SQL данные: ()
[DEBUG] 2024-02-01 08:34:28,571 - work_with_slq(): Подключился к БД, Получил курсор, Выполняю SQL запрос 
[INFO] 2024-02-01 08:34:31,697 - Конец выполнения консольного ToDo приложения.
[INFO] 2024-02-01 08:35:32,332 - Старт консольного ToDo приложения.
[INFO] 2024-02-01 08:35:32,332 - print_help_info(): Запуск
[INFO] 2024-02-01 08:35:32,332 - Конец выполнения консольного ToDo приложения.
[INFO] 2024-02-01 08:35:49,027 - Старт консольного ToDo приложения.
[INFO] 2024-02-01 08:35:49,027 - print_help_info(): Запуск
[INFO] 2024-02-01 08:36:13,859 - Старт консольного ToDo приложения.
[INFO] 2024-02-01 08:36:13,859 - print_help_info(): Запуск
[INFO] 2024-02-01 08:36:13,862 - list_of_tasks(): Запуск
[DEBUG] 2024-02-01 08:36:13,862 - list_of_tasks(): Подключение к БД через work_with_slq
[DEBUG] 2024-02-01 08:36:13,862 - list_of_tasks(): Выполнение SQL-запроса через work_with_slq()
[INFO] 2024-02-01 08:36:13,862 - work_with_slq(): Запуск
[DEBUG] 2024-02-01 08:36:13,862 - work_with_slq(): Имя БД: file:ep20231204_todo_cli.db?mode = rw
[DEBUG] 2024-02-01 08:36:13,862 - work_with_slq(): SQL запрос: SELECT * FROM  my_todo_list
[DEBUG] 2024-02-01 08:36:13,862 - work_with_slq(): SQL данные: ()
[DEBUG] 2024-02-01 08:36:13,862 - work_with_slq(): Подключился к БД, Получил курсор, Выполняю SQL запрос 
[INFO] 2024-02-01 08:36:32,300 - Конец выполнения консольного ToDo приложения.
[INFO] 2024-02-01 10:04:39,714 - Старт консольного ToDo приложения.
[INFO] 2024-02-01 10:04:39,737 - print_help_info(): Запуск
[INFO] 2024-02-01 10:04:59,503 - Старт консольного ToDo приложения.
[INFO] 2024-02-01 10:04:59,504 - print_help_info(): Запуск
[INFO] 2024-02-01 10:04:59,506 - make_task(): Запуск
[INFO] 2024-02-01 10:04:59,506 - query_for_data(): Запуск
[INFO] 2024-02-01 10:04:59,506 - work_with_slq(): Запуск
[DEBUG] 2024-02-01 10:04:59,506 - work_with_slq(): Имя БД: file:ep20231204_todo_cli.db?mode = rw
[DEBUG] 2024-02-01 10:04:59,506 - work_with_slq(): SQL запрос: INSERT INTO my_todo_list (data_of_creation, todo_text, is_gone) VALUES (?, ?, ?)
[DEBUG] 2024-02-01 10:04:59,506 - work_with_slq(): SQL данные: ('01.02.2024 10:04', 'Проверка', 0)
[DEBUG] 2024-02-01 10:04:59,568 - work_with_slq(): Подключился к БД, Получил курсор, Выполняю SQL запрос 
[INFO] 2024-02-01 10:04:59,627 - list_of_tasks(): Запуск
[DEBUG] 2024-02-01 10:04:59,628 - list_of_tasks(): Подключение к БД через work_with_slq
[DEBUG] 2024-02-01 10:04:59,628 - list_of_tasks(): Выполнение SQL-запроса через work_with_slq()
[INFO] 2024-02-01 10:04:59,628 - work_with_slq(): Запуск
[DEBUG] 2024-02-01 10:04:59,628 - work_with_slq(): Имя БД: file:ep20231204_todo_cli.db?mode = rw
[DEBUG] 2024-02-01 10:04:59,628 - work_with_slq(): SQL запрос: SELECT * FROM  my_todo_list ORDER BY id DESC LIMIT 1
[DEBUG] 2024-02-01 10:04:59,628 - work_with_slq(): SQL данные: ()
[DEBUG] 2024-02-01 10:04:59,629 - work_with_slq(): Подключился к БД, Получил курсор, Выполняю SQL запрос 
[INFO] 2024-02-01 10:04:59,630 - Конец выполнения консольного ToDo приложения.
[INFO] 2024-02-01 10:05:30,592 - Старт консольного ToDo приложения.
[INFO] 2024-02-01 10:05:30,592 - print_help_info(): Запуск
[INFO] 2024-02-01 10:05:30,596 - list_of_tasks(): Запуск
[DEBUG] 2024-02-01 10:05:30,596 - list_of_tasks(): Подключение к БД через work_with_slq
[DEBUG] 2024-02-01 10:05:30,596 - list_of_tasks(): Выполнение SQL-запроса через work_with_slq()
[INFO] 2024-02-01 10:05:30,596 - work_with_slq(): Запуск
[DEBUG] 2024-02-01 10:05:30,596 - work_with_slq(): Имя БД: file:ep20231204_todo_cli.db?mode = rw
[DEBUG] 2024-02-01 10:05:30,597 - work_with_slq(): SQL запрос: SELECT * FROM  my_todo_list
[DEBUG] 2024-02-01 10:05:30,597 - work_with_slq(): SQL данные: ()
[DEBUG] 2024-02-01 10:05:30,597 - work_with_slq(): Подключился к БД, Получил курсор, Выполняю SQL запрос 
[INFO] 2024-02-01 10:05:32,721 - Конец выполнения консольного ToDo приложения.
[INFO] 2024-02-11 15:42:39,151 - search_config_and_db(): Запуск
[INFO] 2024-02-11 15:42:39,164 - Старт консольного ToDo приложения.
[INFO] 2024-02-11 15:42:39,164 - print_help_info(): Запуск
[INFO] 2024-02-11 15:42:39,165 - list_of_tasks(): Запуск
[DEBUG] 2024-02-11 15:42:39,165 - list_of_tasks(): Подключение к БД через work_with_slq
[DEBUG] 2024-02-11 15:42:39,165 - list_of_tasks(): Выполнение SQL-запроса через work_with_slq()
[INFO] 2024-02-11 15:42:39,165 - work_with_slq(): Запуск
[DEBUG] 2024-02-11 15:42:39,165 - work_with_slq(): Имя БД: file:ep20231204_todo_cli.db?mode = rw
[DEBUG] 2024-02-11 15:42:39,165 - work_with_slq(): SQL запрос: SELECT * FROM  my_todo_list
[DEBUG] 2024-02-11 15:42:39,166 - work_with_slq(): SQL данные: ()
[DEBUG] 2024-02-11 15:42:39,207 - work_with_slq(): Подключился к БД, Получил курсор, Выполняю SQL запрос 
[INFO] 2024-02-11 15:42:51,235 - search_config_and_db(): Запуск
[INFO] 2024-02-11 15:42:51,236 - Старт консольного ToDo приложения.
[INFO] 2024-02-11 15:42:51,236 - print_help_info(): Запуск
[INFO] 2024-02-11 15:42:51,237 - list_of_tasks(): Запуск
[DEBUG] 2024-02-11 15:42:51,237 - list_of_tasks(): Подключение к БД через work_with_slq
[DEBUG] 2024-02-11 15:42:51,237 - list_of_tasks(): Выполнение SQL-запроса через work_with_slq()
[INFO] 2024-02-11 15:42:51,237 - work_with_slq(): Запуск
[DEBUG] 2024-02-11 15:42:51,237 - work_with_slq(): Имя БД: file:ep20231204_todo_cli.db?mode = rw
[DEBUG] 2024-02-11 15:42:51,238 - work_with_slq(): SQL запрос: SELECT * FROM  my_todo_list
[DEBUG] 2024-02-11 15:42:51,238 - work_with_slq(): SQL данные: ()
[DEBUG] 2024-02-11 15:42:51,238 - work_with_slq(): Подключился к БД, Получил курсор, Выполняю SQL запрос 
[INFO] 2024-02-11 15:42:55,959 - Конец выполнения консольного ToDo приложения.
[INFO] 2024-02-11 15:59:47,652 - search_config_and_db(): Запуск
[INFO] 2024-02-11 15:59:47,653 - Старт консольного ToDo приложения.
[INFO] 2024-02-11 15:59:47,653 - print_help_info(): Запуск
[INFO] 2024-02-11 15:59:47,654 - list_of_tasks(): Запуск
[DEBUG] 2024-02-11 15:59:47,655 - list_of_tasks(): Подключение к БД через work_with_slq
[DEBUG] 2024-02-11 15:59:47,666 - list_of_tasks(): Выполнение SQL-запроса через work_with_slq()
[INFO] 2024-02-11 15:59:47,666 - work_with_slq(): Запуск
[DEBUG] 2024-02-11 15:59:47,666 - work_with_slq(): Имя БД: file:ep20231204_todo_cli.db?mode = rw
[DEBUG] 2024-02-11 15:59:47,666 - work_with_slq(): SQL запрос: SELECT * FROM  my_todo_list
[DEBUG] 2024-02-11 15:59:47,667 - work_with_slq(): SQL данные: ()
[DEBUG] 2024-02-11 15:59:47,697 - work_with_slq(): Подключился к БД, Получил курсор, Выполняю SQL запрос 
[INFO] 2024-02-11 15:59:57,515 - Конец выполнения консольного ToDo приложения.
[INFO] 2024-02-11 16:27:47,147 - search_config_and_db(): Запуск
[INFO] 2024-02-11 16:27:47,149 - Старт консольного ToDo приложения.
[INFO] 2024-02-11 16:27:47,149 - print_help_info(): Запуск
[INFO] 2024-02-11 16:27:47,150 - list_of_tasks(): Запуск
[DEBUG] 2024-02-11 16:27:47,151 - list_of_tasks(): Подключение к БД через work_with_slq
[DEBUG] 2024-02-11 16:27:47,151 - list_of_tasks(): Выполнение SQL-запроса через work_with_slq()
[INFO] 2024-02-11 16:27:47,151 - work_with_slq(): Запуск
[DEBUG] 2024-02-11 16:27:47,151 - work_with_slq(): Имя БД: file:ep20231204_todo_cli.db?mode = rw
[DEBUG] 2024-02-11 16:27:47,151 - work_with_slq(): SQL запрос: SELECT * FROM  my_todo_list
[DEBUG] 2024-02-11 16:27:47,151 - work_with_slq(): SQL данные: ()
[DEBUG] 2024-02-11 16:27:47,179 - work_with_slq(): Подключился к БД, Получил курсор, Выполняю SQL запрос 
[INFO] 2024-02-11 16:28:01,013 - Конец выполнения консольного ToDo приложения.
[INFO] 2024-02-11 16:28:15,401 - search_config_and_db(): Запуск
[INFO] 2024-02-11 16:28:15,402 - Старт консольного ToDo приложения.
[INFO] 2024-02-11 16:28:15,402 - print_help_info(): Запуск
[INFO] 2024-02-11 16:28:15,406 - list_of_tasks(): Запуск
[DEBUG] 2024-02-11 16:28:15,407 - list_of_tasks(): Подключение к БД через work_with_slq
[DEBUG] 2024-02-11 16:28:15,407 - list_of_tasks(): Выполнение SQL-запроса через work_with_slq()
[INFO] 2024-02-11 16:28:15,407 - work_with_slq(): Запуск
[DEBUG] 2024-02-11 16:28:15,407 - work_with_slq(): Имя БД: file:ep20231204_todo_cli.db?mode = rw
[DEBUG] 2024-02-11 16:28:15,408 - work_with_slq(): SQL запрос: SELECT * FROM  my_todo_list
[DEBUG] 2024-02-11 16:28:15,408 - work_with_slq(): SQL данные: ()
[DEBUG] 2024-02-11 16:28:15,409 - work_with_slq(): Подключился к БД, Получил курсор, Выполняю SQL запрос 
[INFO] 2024-02-11 16:28:21,004 - Конец выполнения консольного ToDo приложения.
[INFO] 2024-07-13 10:38:06,499 - search_config_and_db(): Р—Р°РїСѓСЃРє
[INFO] 2024-07-13 10:38:06,500 - РЎС‚Р°СЂС‚ РєРѕРЅСЃРѕР»СЊРЅРѕРіРѕ ToDo РїСЂРёР»РѕР¶РµРЅРёСЏ.
[INFO] 2024-07-13 10:38:06,500 - print_help_info(): Р—Р°РїСѓСЃРє
[INFO] 2024-07-13 10:40:37,359 - search_config_and_db(): Р—Р°РїСѓСЃРє
[INFO] 2024-07-13 10:40:37,360 - РЎС‚Р°СЂС‚ РєРѕРЅСЃРѕР»СЊРЅРѕРіРѕ ToDo РїСЂРёР»РѕР¶РµРЅРёСЏ.
[INFO] 2024-07-13 10:40:37,360 - print_help_info(): Р—Р°РїСѓСЃРє
[INFO] 2024-07-13 10:40:37,374 - РљРѕРЅРµС† РІС‹РїРѕР»РЅРµРЅРёСЏ РєРѕРЅСЃРѕР»СЊРЅРѕРіРѕ ToDo РїСЂРёР»РѕР¶РµРЅРёСЏ.
[INFO] 2024-07-13 10:45:06,833 - search_config_and_db(): Р—Р°РїСѓСЃРє
[INFO] 2024-07-13 10:45:06,833 - РЎС‚Р°СЂС‚ РєРѕРЅСЃРѕР»СЊРЅРѕРіРѕ ToDo РїСЂРёР»РѕР¶РµРЅРёСЏ.
[INFO] 2024-07-13 10:45:06,833 - print_help_info(): Р—Р°РїСѓСЃРє
[INFO] 2024-07-13 10:45:06,833 - РљРѕРЅРµС† РІС‹РїРѕР»РЅРµРЅРёСЏ РєРѕРЅСЃРѕР»СЊРЅРѕРіРѕ ToDo РїСЂРёР»РѕР¶РµРЅРёСЏ.
[INFO] 2024-07-13 10:45:17,805 - search_config_and_db(): Р—Р°РїСѓСЃРє
[INFO] 2024-07-13 10:45:17,805 - РЎС‚Р°СЂС‚ РєРѕРЅСЃРѕР»СЊРЅРѕРіРѕ ToDo РїСЂРёР»РѕР¶РµРЅРёСЏ.
[INFO] 2024-07-13 10:45:17,805 - print_help_info(): Р—Р°РїСѓСЃРє
[INFO] 2024-07-13 10:45:17,805 - list_of_tasks(): Р—Р°РїСѓСЃРє
[DEBUG] 2024-07-13 10:45:17,805 - list_of_tasks(): РџРѕРґРєР»СЋС‡РµРЅРёРµ Рє Р‘Р” С‡РµСЂРµР· work_with_slq
[DEBUG] 2024-07-13 10:45:17,805 - list_of_tasks(): Р’С‹РїРѕР»РЅРµРЅРёРµ SQL-Р·Р°РїСЂРѕСЃР° С‡РµСЂРµР· work_with_slq()
[INFO] 2024-07-13 10:45:17,805 - work_with_slq(): Р—Р°РїСѓСЃРє
[DEBUG] 2024-07-13 10:45:17,805 - work_with_slq(): РРјСЏ Р‘Р”: file:ep20231204_todo_cli.db?mode = rw
[DEBUG] 2024-07-13 10:45:17,805 - work_with_slq(): SQL Р·Р°РїСЂРѕСЃ: SELECT * FROM  my_todo_list
[DEBUG] 2024-07-13 10:45:17,805 - work_with_slq(): SQL РґР°РЅРЅС‹Рµ: ()
[DEBUG] 2024-07-13 10:45:17,832 - work_with_slq(): РџРѕРґРєР»СЋС‡РёР»СЃСЏ Рє Р‘Р”, РџРѕР»СѓС‡РёР» РєСѓСЂСЃРѕСЂ, Р’С‹РїРѕР»РЅСЏСЋ SQL Р·Р°РїСЂРѕСЃ 
[INFO] 2024-07-13 10:45:23,364 - РљРѕРЅРµС† РІС‹РїРѕР»РЅРµРЅРёСЏ РєРѕРЅСЃРѕР»СЊРЅРѕРіРѕ ToDo РїСЂРёР»РѕР¶РµРЅРёСЏ.
[INFO] 2024-07-13 10:46:16,095 - search_config_and_db(): Р—Р°РїСѓСЃРє
[INFO] 2024-07-13 10:46:16,119 - РЎС‚Р°СЂС‚ РєРѕРЅСЃРѕР»СЊРЅРѕРіРѕ ToDo РїСЂРёР»РѕР¶РµРЅРёСЏ.
[INFO] 2024-07-13 10:46:16,119 - print_help_info(): Р—Р°РїСѓСЃРє
[INFO] 2024-07-13 10:46:16,275 - list_of_tasks(): Р—Р°РїСѓСЃРє
[DEBUG] 2024-07-13 10:46:16,276 - list_of_tasks(): РџРѕРґРєР»СЋС‡РµРЅРёРµ Рє Р‘Р” С‡РµСЂРµР· work_with_slq
[DEBUG] 2024-07-13 10:46:16,276 - list_of_tasks(): Р’С‹РїРѕР»РЅРµРЅРёРµ SQL-Р·Р°РїСЂРѕСЃР° С‡РµСЂРµР· work_with_slq()
[INFO] 2024-07-13 10:46:16,276 - work_with_slq(): Р—Р°РїСѓСЃРє
[DEBUG] 2024-07-13 10:46:16,276 - work_with_slq(): РРјСЏ Р‘Р”: file:ep20231204_todo_cli.db?mode = rw
[DEBUG] 2024-07-13 10:46:16,276 - work_with_slq(): SQL Р·Р°РїСЂРѕСЃ: SELECT * FROM  my_todo_list
[DEBUG] 2024-07-13 10:46:16,276 - work_with_slq(): SQL РґР°РЅРЅС‹Рµ: ()
[DEBUG] 2024-07-13 10:46:16,323 - work_with_slq(): РџРѕРґРєР»СЋС‡РёР»СЃСЏ Рє Р‘Р”, РџРѕР»СѓС‡РёР» РєСѓСЂСЃРѕСЂ, Р’С‹РїРѕР»РЅСЏСЋ SQL Р·Р°РїСЂРѕСЃ 
[INFO] 2024-07-13 10:46:28,809 - РљРѕРЅРµС† РІС‹РїРѕР»РЅРµРЅРёСЏ РєРѕРЅСЃРѕР»СЊРЅРѕРіРѕ ToDo РїСЂРёР»РѕР¶РµРЅРёСЏ.
[INFO] 2024-07-13 15:01:36,073 - search_config_and_db(): Р—Р°РїСѓСЃРє
[INFO] 2024-07-13 15:01:36,076 - РЎС‚Р°СЂС‚ РєРѕРЅСЃРѕР»СЊРЅРѕРіРѕ ToDo РїСЂРёР»РѕР¶РµРЅРёСЏ.
[INFO] 2024-07-13 15:01:36,076 - print_help_info(): Р—Р°РїСѓСЃРє
[INFO] 2024-07-13 15:01:36,089 - list_of_tasks(): Р—Р°РїСѓСЃРє
[DEBUG] 2024-07-13 15:01:36,089 - list_of_tasks(): РџРѕРґРєР»СЋС‡РµРЅРёРµ Рє Р‘Р” С‡РµСЂРµР· work_with_slq
[DEBUG] 2024-07-13 15:01:36,089 - list_of_tasks(): Р’С‹РїРѕР»РЅРµРЅРёРµ SQL-Р·Р°РїСЂРѕСЃР° С‡РµСЂРµР· work_with_slq()
[INFO] 2024-07-13 15:01:36,089 - work_with_slq(): Р—Р°РїСѓСЃРє
[DEBUG] 2024-07-13 15:01:36,089 - work_with_slq(): РРјСЏ Р‘Р”: file:ep20231204_todo_cli.db?mode = rw
[DEBUG] 2024-07-13 15:01:36,089 - work_with_slq(): SQL Р·Р°РїСЂРѕСЃ: SELECT * FROM  my_todo_list
[DEBUG] 2024-07-13 15:01:36,089 - work_with_slq(): SQL РґР°РЅРЅС‹Рµ: ()
[DEBUG] 2024-07-13 15:01:36,148 - work_with_slq(): РџРѕРґРєР»СЋС‡РёР»СЃСЏ Рє Р‘Р”, РџРѕР»СѓС‡РёР» РєСѓСЂСЃРѕСЂ, Р’С‹РїРѕР»РЅСЏСЋ SQL Р·Р°РїСЂРѕСЃ 
[INFO] 2024-07-13 15:01:42,333 - РљРѕРЅРµС† РІС‹РїРѕР»РЅРµРЅРёСЏ РєРѕРЅСЃРѕР»СЊРЅРѕРіРѕ ToDo РїСЂРёР»РѕР¶РµРЅРёСЏ.
[INFO] 2024-07-13 23:11:40,237 - search_config_and_db(): Р—Р°РїСѓСЃРє
[INFO] 2024-07-13 23:11:40,240 - РЎС‚Р°СЂС‚ РєРѕРЅСЃРѕР»СЊРЅРѕРіРѕ ToDo РїСЂРёР»РѕР¶РµРЅРёСЏ.
[INFO] 2024-07-13 23:11:40,240 - print_help_info(): Р—Р°РїСѓСЃРє
[INFO] 2024-07-13 23:11:40,294 - list_of_tasks(): Р—Р°РїСѓСЃРє
[DEBUG] 2024-07-13 23:11:40,295 - list_of_tasks(): РџРѕРґРєР»СЋС‡РµРЅРёРµ Рє Р‘Р” С‡РµСЂРµР· work_with_slq
[DEBUG] 2024-07-13 23:11:40,295 - list_of_tasks(): Р’С‹РїРѕР»РЅРµРЅРёРµ SQL-Р·Р°РїСЂРѕСЃР° С‡РµСЂРµР· work_with_slq()
[INFO] 2024-07-13 23:11:40,295 - work_with_slq(): Р—Р°РїСѓСЃРє
[DEBUG] 2024-07-13 23:11:40,295 - work_with_slq(): РРјСЏ Р‘Р”: file:ep20231204_todo_cli.db?mode = rw
[DEBUG] 2024-07-13 23:11:40,295 - work_with_slq(): SQL Р·Р°РїСЂРѕСЃ: SELECT * FROM  my_todo_list
[DEBUG] 2024-07-13 23:11:40,295 - work_with_slq(): SQL РґР°РЅРЅС‹Рµ: ()
[DEBUG] 2024-07-13 23:11:40,334 - work_with_slq(): РџРѕРґРєР»СЋС‡РёР»СЃСЏ Рє Р‘Р”, РџРѕР»СѓС‡РёР» РєСѓСЂСЃРѕСЂ, Р’С‹РїРѕР»РЅСЏСЋ SQL Р·Р°РїСЂРѕСЃ 
[INFO] 2024-07-20 08:02:37,142 - search_config_and_db(): Р—Р°РїСѓСЃРє
[INFO] 2024-07-20 08:02:37,143 - РЎС‚Р°СЂС‚ РєРѕРЅСЃРѕР»СЊРЅРѕРіРѕ ToDo РїСЂРёР»РѕР¶РµРЅРёСЏ.
[INFO] 2024-07-20 08:02:37,143 - print_help_info(): Р—Р°РїСѓСЃРє
[INFO] 2024-07-20 08:02:37,173 - list_of_tasks(): Р—Р°РїСѓСЃРє
[DEBUG] 2024-07-20 08:02:37,174 - list_of_tasks(): РџРѕРґРєР»СЋС‡РµРЅРёРµ Рє Р‘Р” С‡РµСЂРµР· work_with_slq
[DEBUG] 2024-07-20 08:02:37,185 - list_of_tasks(): Р’С‹РїРѕР»РЅРµРЅРёРµ SQL-Р·Р°РїСЂРѕСЃР° С‡РµСЂРµР· work_with_slq()
[INFO] 2024-07-20 08:02:37,185 - work_with_slq(): Р—Р°РїСѓСЃРє
[DEBUG] 2024-07-20 08:02:37,185 - work_with_slq(): РРјСЏ Р‘Р”: file:ep20231204_todo_cli.db?mode = rw
[DEBUG] 2024-07-20 08:02:37,185 - work_with_slq(): SQL Р·Р°РїСЂРѕСЃ: SELECT * FROM  my_todo_list
[DEBUG] 2024-07-20 08:02:37,185 - work_with_slq(): SQL РґР°РЅРЅС‹Рµ: ()
[DEBUG] 2024-07-20 08:02:37,191 - work_with_slq(): РџРѕРґРєР»СЋС‡РёР»СЃСЏ Рє Р‘Р”, РџРѕР»СѓС‡РёР» РєСѓСЂСЃРѕСЂ, Р’С‹РїРѕР»РЅСЏСЋ SQL Р·Р°РїСЂРѕСЃ 
[INFO] 2024-07-20 08:02:44,637 - РљРѕРЅРµС† РІС‹РїРѕР»РЅРµРЅРёСЏ РєРѕРЅСЃРѕР»СЊРЅРѕРіРѕ ToDo РїСЂРёР»РѕР¶РµРЅРёСЏ.
[INFO] 2024-07-20 08:31:01,651 - search_config_and_db(): Р—Р°РїСѓСЃРє
[INFO] 2024-07-20 08:31:01,653 - РЎС‚Р°СЂС‚ РєРѕРЅСЃРѕР»СЊРЅРѕРіРѕ ToDo РїСЂРёР»РѕР¶РµРЅРёСЏ.
[INFO] 2024-07-20 08:31:01,653 - print_help_info(): Р—Р°РїСѓСЃРє
[INFO] 2024-07-20 08:31:01,699 - list_of_tasks(): Р—Р°РїСѓСЃРє
[DEBUG] 2024-07-20 08:31:01,699 - list_of_tasks(): РџРѕРґРєР»СЋС‡РµРЅРёРµ Рє Р‘Р” С‡РµСЂРµР· work_with_slq
[DEBUG] 2024-07-20 08:31:01,699 - list_of_tasks(): Р’С‹РїРѕР»РЅРµРЅРёРµ SQL-Р·Р°РїСЂРѕСЃР° С‡РµСЂРµР· work_with_slq()
[INFO] 2024-07-20 08:31:01,699 - work_with_slq(): Р—Р°РїСѓСЃРє
[DEBUG] 2024-07-20 08:31:01,699 - work_with_slq(): РРјСЏ Р‘Р”: file:ep20231204_todo_cli.db?mode = rw
[DEBUG] 2024-07-20 08:31:01,699 - work_with_slq(): SQL Р·Р°РїСЂРѕСЃ: SELECT * FROM  my_todo_list
[DEBUG] 2024-07-20 08:31:01,699 - work_with_slq(): SQL РґР°РЅРЅС‹Рµ: ()
[DEBUG] 2024-07-20 08:31:01,730 - work_with_slq(): РџРѕРґРєР»СЋС‡РёР»СЃСЏ Рє Р‘Р”, РџРѕР»СѓС‡РёР» РєСѓСЂСЃРѕСЂ, Р’С‹РїРѕР»РЅСЏСЋ SQL Р·Р°РїСЂРѕСЃ 
[INFO] 2024-07-20 08:31:08,578 - РљРѕРЅРµС† РІС‹РїРѕР»РЅРµРЅРёСЏ РєРѕРЅСЃРѕР»СЊРЅРѕРіРѕ ToDo РїСЂРёР»РѕР¶РµРЅРёСЏ.
[INFO] 2024-07-20 09:37:59,004 - search_config_and_db(): Р—Р°РїСѓСЃРє
[INFO] 2024-07-20 09:37:59,018 - РЎС‚Р°СЂС‚ РєРѕРЅСЃРѕР»СЊРЅРѕРіРѕ ToDo РїСЂРёР»РѕР¶РµРЅРёСЏ.
[INFO] 2024-07-20 09:37:59,019 - print_help_info(): Р—Р°РїСѓСЃРє
[INFO] 2024-07-20 09:37:59,050 - list_of_tasks(): Р—Р°РїСѓСЃРє
[DEBUG] 2024-07-20 09:37:59,050 - list_of_tasks(): РџРѕРґРєР»СЋС‡РµРЅРёРµ Рє Р‘Р” С‡РµСЂРµР· work_with_slq
[DEBUG] 2024-07-20 09:37:59,050 - list_of_tasks(): Р’С‹РїРѕР»РЅРµРЅРёРµ SQL-Р·Р°РїСЂРѕСЃР° С‡РµСЂРµР· work_with_slq()
[INFO] 2024-07-20 09:37:59,050 - work_with_slq(): Р—Р°РїСѓСЃРє
[DEBUG] 2024-07-20 09:37:59,050 - work_with_slq(): РРјСЏ Р‘Р”: file:ep20231204_todo_cli.db?mode = rw
[DEBUG] 2024-07-20 09:37:59,050 - work_with_slq(): SQL Р·Р°РїСЂРѕСЃ: SELECT * FROM  my_todo_list
[DEBUG] 2024-07-20 09:37:59,050 - work_with_slq(): SQL РґР°РЅРЅС‹Рµ: ()
[DEBUG] 2024-07-20 09:37:59,056 - work_with_slq(): РџРѕРґРєР»СЋС‡РёР»СЃСЏ Рє Р‘Р”, РџРѕР»СѓС‡РёР» РєСѓСЂСЃРѕСЂ, Р’С‹РїРѕР»РЅСЏСЋ SQL Р·Р°РїСЂРѕСЃ 
[INFO] 2024-07-22 14:04:33,154 - search_config_and_db(): Р—Р°РїСѓСЃРє
[INFO] 2024-07-22 14:04:33,157 - РЎС‚Р°СЂС‚ РєРѕРЅСЃРѕР»СЊРЅРѕРіРѕ ToDo РїСЂРёР»РѕР¶РµРЅРёСЏ.
[INFO] 2024-07-22 14:04:33,157 - print_help_info(): Р—Р°РїСѓСЃРє
[INFO] 2024-07-22 14:04:33,180 - list_of_tasks(): Р—Р°РїСѓСЃРє
[DEBUG] 2024-07-22 14:04:33,180 - list_of_tasks(): РџРѕРґРєР»СЋС‡РµРЅРёРµ Рє Р‘Р” С‡РµСЂРµР· work_with_slq
[DEBUG] 2024-07-22 14:04:33,180 - list_of_tasks(): Р’С‹РїРѕР»РЅРµРЅРёРµ SQL-Р·Р°РїСЂРѕСЃР° С‡РµСЂРµР· work_with_slq()
[INFO] 2024-07-22 14:04:33,180 - work_with_slq(): Р—Р°РїСѓСЃРє
[DEBUG] 2024-07-22 14:04:33,180 - work_with_slq(): РРјСЏ Р‘Р”: file:ep20231204_todo_cli.db?mode = rw
[DEBUG] 2024-07-22 14:04:33,180 - work_with_slq(): SQL Р·Р°РїСЂРѕСЃ: SELECT * FROM  my_todo_list
[DEBUG] 2024-07-22 14:04:33,180 - work_with_slq(): SQL РґР°РЅРЅС‹Рµ: ()
[DEBUG] 2024-07-22 14:04:33,226 - work_with_slq(): РџРѕРґРєР»СЋС‡РёР»СЃСЏ Рє Р‘Р”, РџРѕР»СѓС‡РёР» РєСѓСЂСЃРѕСЂ, Р’С‹РїРѕР»РЅСЏСЋ SQL Р·Р°РїСЂРѕСЃ 
[INFO] 2024-07-22 14:04:37,789 - РљРѕРЅРµС† РІС‹РїРѕР»РЅРµРЅРёСЏ РєРѕРЅСЃРѕР»СЊРЅРѕРіРѕ ToDo РїСЂРёР»РѕР¶РµРЅРёСЏ.
[INFO] 2024-07-22 14:22:10,938 - search_config_and_db(): Р—Р°РїСѓСЃРє
[INFO] 2024-07-22 14:22:10,943 - РЎС‚Р°СЂС‚ РєРѕРЅСЃРѕР»СЊРЅРѕРіРѕ ToDo РїСЂРёР»РѕР¶РµРЅРёСЏ.
[INFO] 2024-07-22 14:22:10,943 - print_help_info(): Р—Р°РїСѓСЃРє
[INFO] 2024-07-22 14:22:10,964 - list_of_tasks(): Р—Р°РїСѓСЃРє
[DEBUG] 2024-07-22 14:22:10,965 - list_of_tasks(): РџРѕРґРєР»СЋС‡РµРЅРёРµ Рє Р‘Р” С‡РµСЂРµР· work_with_slq
[DEBUG] 2024-07-22 14:22:10,965 - list_of_tasks(): Р’С‹РїРѕР»РЅРµРЅРёРµ SQL-Р·Р°РїСЂРѕСЃР° С‡РµСЂРµР· work_with_slq()
[INFO] 2024-07-22 14:22:10,965 - work_with_slq(): Р—Р°РїСѓСЃРє
[DEBUG] 2024-07-22 14:22:10,965 - work_with_slq(): РРјСЏ Р‘Р”: file:ep20231204_todo_cli.db?mode = rw
[DEBUG] 2024-07-22 14:22:10,965 - work_with_slq(): SQL Р·Р°РїСЂРѕСЃ: SELECT * FROM  my_todo_list
[DEBUG] 2024-07-22 14:22:10,965 - work_with_slq(): SQL РґР°РЅРЅС‹Рµ: ()
[DEBUG] 2024-07-22 14:22:10,974 - work_with_slq(): РџРѕРґРєР»СЋС‡РёР»СЃСЏ Рє Р‘Р”, РџРѕР»СѓС‡РёР» РєСѓСЂСЃРѕСЂ, Р’С‹РїРѕР»РЅСЏСЋ SQL Р·Р°РїСЂРѕСЃ 
[INFO] 2024-07-22 14:22:14,928 - РљРѕРЅРµС† РІС‹РїРѕР»РЅРµРЅРёСЏ РєРѕРЅСЃРѕР»СЊРЅРѕРіРѕ ToDo РїСЂРёР»РѕР¶РµРЅРёСЏ.
[INFO] 2024-08-12 12:39:22,815 - search_config_and_db(): Р—Р°РїСѓСЃРє
[INFO] 2024-08-12 12:39:22,816 - РЎС‚Р°СЂС‚ РєРѕРЅСЃРѕР»СЊРЅРѕРіРѕ ToDo РїСЂРёР»РѕР¶РµРЅРёСЏ.
[INFO] 2024-08-12 12:39:22,817 - print_help_info(): Р—Р°РїСѓСЃРє
[INFO] 2024-08-12 12:39:22,836 - list_of_tasks(): Р—Р°РїСѓСЃРє
[DEBUG] 2024-08-12 12:39:22,836 - list_of_tasks(): РџРѕРґРєР»СЋС‡РµРЅРёРµ Рє Р‘Р” С‡РµСЂРµР· work_with_slq
[DEBUG] 2024-08-12 12:39:22,836 - list_of_tasks(): Р’С‹РїРѕР»РЅРµРЅРёРµ SQL-Р·Р°РїСЂРѕСЃР° С‡РµСЂРµР· work_with_slq()
[INFO] 2024-08-12 12:39:22,836 - work_with_slq(): Р—Р°РїСѓСЃРє
[DEBUG] 2024-08-12 12:39:22,836 - work_with_slq(): РРјСЏ Р‘Р”: file:ep20231204_todo_cli.db?mode = rw
[DEBUG] 2024-08-12 12:39:22,836 - work_with_slq(): SQL Р·Р°РїСЂРѕСЃ: SELECT * FROM  my_todo_list
[DEBUG] 2024-08-12 12:39:22,836 - work_with_slq(): SQL РґР°РЅРЅС‹Рµ: ()
[DEBUG] 2024-08-12 12:39:22,843 - work_with_slq(): РџРѕРґРєР»СЋС‡РёР»СЃСЏ Рє Р‘Р”, РџРѕР»СѓС‡РёР» РєСѓСЂСЃРѕСЂ, Р’С‹РїРѕР»РЅСЏСЋ SQL Р·Р°РїСЂРѕСЃ 
[INFO] 2024-08-12 12:39:27,668 - РљРѕРЅРµС† РІС‹РїРѕР»РЅРµРЅРёСЏ РєРѕРЅСЃРѕР»СЊРЅРѕРіРѕ ToDo РїСЂРёР»РѕР¶РµРЅРёСЏ.
[INFO] 2024-10-02 07:40:44,516 - search_config_and_db(): Р—Р°РїСѓСЃРє
[INFO] 2024-10-02 07:40:44,518 - РЎС‚Р°СЂС‚ РєРѕРЅСЃРѕР»СЊРЅРѕРіРѕ ToDo РїСЂРёР»РѕР¶РµРЅРёСЏ.
[INFO] 2024-10-02 07:40:44,518 - print_help_info(): Р—Р°РїСѓСЃРє
[INFO] 2024-10-02 07:40:44,533 - РљРѕРЅРµС† РІС‹РїРѕР»РЅРµРЅРёСЏ РєРѕРЅСЃРѕР»СЊРЅРѕРіРѕ ToDo РїСЂРёР»РѕР¶РµРЅРёСЏ.
[INFO] 2024-10-02 07:40:55,904 - search_config_and_db(): Р—Р°РїСѓСЃРє
[INFO] 2024-10-02 07:40:55,904 - РЎС‚Р°СЂС‚ РєРѕРЅСЃРѕР»СЊРЅРѕРіРѕ ToDo РїСЂРёР»РѕР¶РµРЅРёСЏ.
[INFO] 2024-10-02 07:40:55,904 - print_help_info(): Р—Р°РїСѓСЃРє
[INFO] 2024-10-02 07:40:55,911 - list_of_tasks(): Р—Р°РїСѓСЃРє
[DEBUG] 2024-10-02 07:40:55,911 - list_of_tasks(): РџРѕРґРєР»СЋС‡РµРЅРёРµ Рє Р‘Р” С‡РµСЂРµР· work_with_slq
[DEBUG] 2024-10-02 07:40:55,911 - list_of_tasks(): Р’С‹РїРѕР»РЅРµРЅРёРµ SQL-Р·Р°РїСЂРѕСЃР° С‡РµСЂРµР· work_with_slq()
[INFO] 2024-10-02 07:40:55,911 - work_with_slq(): Р—Р°РїСѓСЃРє
[DEBUG] 2024-10-02 07:40:55,911 - work_with_slq(): РРјСЏ Р‘Р”: file:ep20231204_todo_cli.db?mode = rw
[DEBUG] 2024-10-02 07:40:55,911 - work_with_slq(): SQL Р·Р°РїСЂРѕСЃ: SELECT * FROM  my_todo_list
[DEBUG] 2024-10-02 07:40:55,911 - work_with_slq(): SQL РґР°РЅРЅС‹Рµ: ()
[DEBUG] 2024-10-02 07:40:55,935 - work_with_slq(): РџРѕРґРєР»СЋС‡РёР»СЃСЏ Рє Р‘Р”, РџРѕР»СѓС‡РёР» РєСѓСЂСЃРѕСЂ, Р’С‹РїРѕР»РЅСЏСЋ SQL Р·Р°РїСЂРѕСЃ 
[INFO] 2024-10-02 07:41:07,922 - РљРѕРЅРµС† РІС‹РїРѕР»РЅРµРЅРёСЏ РєРѕРЅСЃРѕР»СЊРЅРѕРіРѕ ToDo РїСЂРёР»РѕР¶РµРЅРёСЏ.
